[INFO] [1755888943.989687467] [SerialCommunication]: Scanning for serial devices...
[INFO] [1755888943.989736189] [SerialCommunication]: Trying to connect to /dev/ttyACM0
[37;1m2025-08-23 03:55:44.004 [31;1m[[37;1mRTPS_TRANSPORT_SHM[31;1m Error] [37mFailed init_port fastrtps_port7005: open_and_lock_file failed[34;1m -> Function [36mopen_port_internal[m
[INFO] [1755888944.011076809] [device0_node]: SerialCommunication node created
[INFO] [1755888944.011136330] [device0_node]: Port: /dev/ttyACM0, Delimiter: '|'
[ERROR] [1755888944.011150247] [device0_node]: Failed to open serial port: /dev/ttyACM0
[WARN] [1755888944.011172328] [SerialCommunication]: Failed to connect to /dev/ttyACM0
[INFO] [1755888944.013883495] [SerialCommunication]: Trying to connect to /dev/ttyACM1
[37;1m2025-08-23 03:55:44.016 [31;1m[[37;1mRTPS_TRANSPORT_SHM[31;1m Error] [37mFailed init_port fastrtps_port7005: open_and_lock_file failed[34;1m -> Function [36mopen_port_internal[m
[INFO] [1755888944.020380068] [device0_node]: SerialCommunication node created
[INFO] [1755888944.020415525] [device0_node]: Port: /dev/ttyACM1, Delimiter: '|'
[ERROR] [1755888944.020428279] [device0_node]: Failed to open serial port: /dev/ttyACM1
[WARN] [1755888944.020440061] [SerialCommunication]: Failed to connect to /dev/ttyACM1
[INFO] [1755888944.023298084] [SerialCommunication]: Trying to connect to /dev/ttyUSB0
[37;1m2025-08-23 03:55:44.025 [31;1m[[37;1mRTPS_TRANSPORT_SHM[31;1m Error] [37mFailed init_port fastrtps_port7005: open_and_lock_file failed[34;1m -> Function [36mopen_port_internal[m
[INFO] [1755888944.031954277] [device0_node]: SerialCommunication node created
[INFO] [1755888944.032016414] [device0_node]: Port: /dev/ttyUSB0, Delimiter: '|'
[ERROR] [1755888944.032037253] [device0_node]: Failed to open serial port: /dev/ttyUSB0
[WARN] [1755888944.032054105] [SerialCommunication]: Failed to connect to /dev/ttyUSB0
[INFO] [1755888944.036986488] [SerialCommunication]: Trying to connect to /dev/ttyUSB1
[37;1m2025-08-23 03:55:44.039 [31;1m[[37;1mRTPS_TRANSPORT_SHM[31;1m Error] [37mFailed init_port fastrtps_port7005: open_and_lock_file failed[34;1m -> Function [36mopen_port_internal[m
[INFO] [1755888944.044474455] [device0_node]: SerialCommunication node created
[INFO] [1755888944.044522325] [device0_node]: Port: /dev/ttyUSB1, Delimiter: '|'
[ERROR] [1755888944.044542322] [device0_node]: Failed to open serial port: /dev/ttyUSB1
[WARN] [1755888944.044555207] [SerialCommunication]: Failed to connect to /dev/ttyUSB1
[ERROR] [1755888944.050767475] [SerialCommunication]: No devices connected
[37;1m2025-08-23 03:55:44.053 [31;1m[[37;1mRTPS_TRANSPORT_SHM[31;1m Error] [37mFailed init_port fastrtps_port7005: open_and_lock_file failed[34;1m -> Function [36mopen_port_internal[m
[INFO] [1755888944.058951721] [PC1]: 🔗 自動マイコン間通信中継機能を有効化しました
[INFO] [1755888944.058998299] [PC1]: 🔍 シリアルデバイスが接続されていないため、マイクロコントローラー探索をスキップします

PC1 高速非同期サーバー 起動。PC2からのリクエストを待機中...
[INFO] [1755888944.059129295] [PC1]: === マイコンID探索を開始 ===
[INFO] [1755888947.059349529] [PC1]: === ID探索完了。発見されたマイコン: 0個 ===
[WARN] [1755888947.059414681] [PC1]: マイコンが発見されませんでした。マイコンのプログラムが正しく動作しているか確認してください。
[INFO] [1755888947.059424119] [PC1]: === 待機モードです。マイコン間通信とPC間通信の準備完了 ===
[INFO] [1755889030.564542205] [PC1]: 🔍 サービスリクエスト受信: source=network_discovery, request_type=1, data_size=0, message=''
[INFO] [1755889030.564609691] [PC1]: 📡 情報交換リクエスト(Type 1)を network_discovery から受信
[INFO] [1755889030.564619470] [PC1]: 📋 マイクロコントローラーリスト応答(Type 1): 0個
[INFO] [1755889035.070016109] [PC1]: 🔍 サービスリクエスト受信: source=network_discovery, request_type=1, data_size=0, message=''
[INFO] [1755889035.070102241] [PC1]: 📡 情報交換リクエスト(Type 1)を network_discovery から受信
[INFO] [1755889035.070109174] [PC1]: 📋 マイクロコントローラーリスト応答(Type 1): 0個
[INFO] [1755889039.573782098] [PC1]: 🔍 サービスリクエスト受信: source=network_discovery, request_type=1, data_size=0, message=''
[INFO] [1755889039.573827854] [PC1]: 📡 情報交換リクエスト(Type 1)を network_discovery から受信
[INFO] [1755889039.573836670] [PC1]: 📋 マイクロコントローラーリスト応答(Type 1): 0個
[INFO] [1755889044.078243198] [PC1]: 🔍 サービスリクエスト受信: source=network_discovery, request_type=1, data_size=0, message=''
[INFO] [1755889044.078294555] [PC1]: 📡 情報交換リクエスト(Type 1)を network_discovery から受信
[INFO] [1755889044.078324601] [PC1]: 📋 マイクロコントローラーリスト応答(Type 1): 0個
[INFO] [1755889048.582101320] [PC1]: 🔍 サービスリクエスト受信: source=network_discovery, request_type=1, data_size=0, message=''
[INFO] [1755889048.582161002] [PC1]: 📡 情報交換リクエスト(Type 1)を network_discovery から受信
[INFO] [1755889048.582166983] [PC1]: 📋 マイクロコントローラーリスト応答(Type 1): 0個
[INFO] [1755889053.563829732] [PC1]: 🔍 サービスリクエスト受信: source=network_discovery, request_type=1, data_size=0, message=''
[INFO] [1755889053.563879736] [PC1]: 📡 情報交換リクエスト(Type 1)を network_discovery から受信
[INFO] [1755889053.563886348] [PC1]: 📋 マイクロコントローラーリスト応答(Type 1): 0個
[INFO] [1755889058.564233004] [PC1]: 🔍 サービスリクエスト受信: source=network_discovery, request_type=1, data_size=0, message=''
[INFO] [1755889058.564313635] [PC1]: 📡 情報交換リクエスト(Type 1)を network_discovery から受信
[INFO] [1755889058.564321891] [PC1]: 📋 マイクロコントローラーリスト応答(Type 1): 0個
[INFO] [1755889063.563376638] [PC1]: 🔍 サービスリクエスト受信: source=network_discovery, request_type=1, data_size=0, message=''
[INFO] [1755889063.563423686] [PC1]: 📡 情報交換リクエスト(Type 1)を network_discovery から受信
[INFO] [1755889063.563431531] [PC1]: 📋 マイクロコントローラーリスト応答(Type 1): 0個
[INFO] [1755889068.563393152] [PC1]: 🔍 サービスリクエスト受信: source=network_discovery, request_type=1, data_size=0, message=''
[INFO] [1755889068.563436433] [PC1]: 📡 情報交換リクエスト(Type 1)を network_discovery から受信
[INFO] [1755889068.563442615] [PC1]: 📋 マイクロコントローラーリスト応答(Type 1): 0個
[INFO] [1755889073.563687948] [PC1]: 🔍 サービスリクエスト受信: source=network_discovery, request_type=1, data_size=0, message=''
[INFO] [1755889073.563745256] [PC1]: 📡 情報交換リクエスト(Type 1)を network_discovery から受信
[INFO] [1755889073.563753441] [PC1]: 📋 マイクロコントローラーリスト応答(Type 1): 0個
[INFO] [1755889078.563576670] [PC1]: 🔍 サービスリクエスト受信: source=network_discovery, request_type=1, data_size=0, message=''
[INFO] [1755889078.563617076] [PC1]: 📡 情報交換リクエスト(Type 1)を network_discovery から受信
[INFO] [1755889078.563623007] [PC1]: 📋 マイクロコントローラーリスト応答(Type 1): 0個
[INFO] [1755889083.563505456] [PC1]: 🔍 サービスリクエスト受信: source=network_discovery, request_type=1, data_size=0, message=''
[INFO] [1755889083.563551182] [PC1]: 📡 情報交換リクエスト(Type 1)を network_discovery から受信
[INFO] [1755889083.563558846] [PC1]: 📋 マイクロコントローラーリスト応答(Type 1): 0個
