
╔══════════════════════════════════════╗
║         PC2 統合通信システム         ║
║ マイコン: nucleo2, nucleo3           ║
║ 機能: サブ制御、応答処理             ║
║ ボーレート: 115200 bps               ║
╚══════════════════════════════════════╝
[INFO] [1755529449.228566782] [SerialCommunication]: Scanning for serial devices...
[INFO] [1755529449.228602429] [SerialCommunication]: Trying to connect to /dev/ttyACM0
[INFO] [1755529449.230995335] [device0_node]: SerialCommunication node created
[INFO] [1755529449.231038788] [device0_node]: Port: /dev/ttyACM0, Delimiter: '|'
[ERROR] [1755529449.231069426] [device0_node]: Failed to open serial port: /dev/ttyACM0
[WARN] [1755529449.231094614] [SerialCommunication]: Failed to connect to /dev/ttyACM0
[INFO] [1755529449.232807237] [SerialCommunication]: Trying to connect to /dev/ttyACM1
[INFO] [1755529449.235074144] [device0_node]: SerialCommunication node created
[INFO] [1755529449.235096386] [device0_node]: Port: /dev/ttyACM1, Delimiter: '|'
[ERROR] [1755529449.235112156] [device0_node]: Failed to open serial port: /dev/ttyACM1
[WARN] [1755529449.235120733] [SerialCommunication]: Failed to connect to /dev/ttyACM1
[INFO] [1755529449.236143796] [SerialCommunication]: Trying to connect to /dev/ttyACM2
[INFO] [1755529449.238093780] [device0_node]: SerialCommunication node created
[INFO] [1755529449.238118558] [device0_node]: Port: /dev/ttyACM2, Delimiter: '|'
[ERROR] [1755529449.238136361] [device0_node]: Failed to open serial port: /dev/ttyACM2
[WARN] [1755529449.238146130] [SerialCommunication]: Failed to connect to /dev/ttyACM2
[INFO] [1755529449.239458693] [SerialCommunication]: Trying to connect to /dev/ttyACM3
[INFO] [1755529449.241831250] [device0_node]: SerialCommunication node created
[INFO] [1755529449.241854455] [device0_node]: Port: /dev/ttyACM3, Delimiter: '|'
[ERROR] [1755529449.241869744] [device0_node]: Failed to open serial port: /dev/ttyACM3
[WARN] [1755529449.241878560] [SerialCommunication]: Failed to connect to /dev/ttyACM3
[INFO] [1755529449.242871927] [SerialCommunication]: Trying to connect to /dev/ttyUSB0
[INFO] [1755529449.244671126] [device0_node]: SerialCommunication node created
[INFO] [1755529449.244697566] [device0_node]: Port: /dev/ttyUSB0, Delimiter: '|'
[ERROR] [1755529449.244714468] [device0_node]: Failed to open serial port: /dev/ttyUSB0
[WARN] [1755529449.244731881] [SerialCommunication]: Failed to connect to /dev/ttyUSB0
[INFO] [1755529449.246133023] [SerialCommunication]: Trying to connect to /dev/ttyUSB1
[INFO] [1755529449.248639364] [device0_node]: SerialCommunication node created
[INFO] [1755529449.248661196] [device0_node]: Port: /dev/ttyUSB1, Delimiter: '|'
[ERROR] [1755529449.248676334] [device0_node]: Failed to open serial port: /dev/ttyUSB1
[WARN] [1755529449.248684640] [SerialCommunication]: Failed to connect to /dev/ttyUSB1
[INFO] [1755529449.249696843] [SerialCommunication]: Trying to connect to /dev/ttyUSB2
[INFO] [1755529449.251458470] [device0_node]: SerialCommunication node created
[INFO] [1755529449.251479119] [device0_node]: Port: /dev/ttyUSB2, Delimiter: '|'
[ERROR] [1755529449.251493907] [device0_node]: Failed to open serial port: /dev/ttyUSB2
[WARN] [1755529449.251501842] [SerialCommunication]: Failed to connect to /dev/ttyUSB2
[INFO] [1755529449.252492133] [SerialCommunication]: Trying to connect to /dev/ttyUSB3
[INFO] [1755529449.254364841] [device0_node]: SerialCommunication node created
[INFO] [1755529449.254390009] [device0_node]: Port: /dev/ttyUSB3, Delimiter: '|'
[ERROR] [1755529449.254406150] [device0_node]: Failed to open serial port: /dev/ttyUSB3
[WARN] [1755529449.254414866] [SerialCommunication]: Failed to connect to /dev/ttyUSB3
[ERROR] [1755529449.255613082] [SerialCommunication]: No devices connected
[INFO] [1755529449.255691401] [create_system]: シリアル自動検出: ボーレート 115200 bps で 0個のデバイスを発見
[INFO] [1755529449.258846224] [PC2]: [32m統合通信システム 'PC2' が起動しました。[0m
[INFO] [1755529449.258879377] [PC2]: マイコン: 2個, シリアルデバイス: 0個
[INFO] [1755529449.258893404] [create_system]: [32m統合システム作成完了: PC2 (マイコン: 2個, シリアル: 0個, ボーレート: 115200)[0m
[INFO] [1755529449.258909875] [PC2]: データハンドラが登録されました。
[INFO] [1755529449.258920215] [PC2]: シリアルデータハンドラが登録されました。

⚡ PC2高速システム起動中...
🔄 継続的ノード探索、データ処理、自動転送を実行

⏳ システム初期化待機中...

🚀 === 初期化シーケンス開始 ===
[INFO] [1755529450.259126773] [PC2]: [34m=== 統合システム初期化開始 ===[0m
[INFO] [1755529450.259292568] [PC2]: [33mフェーズ1: マイコンID探索をスキップ[0m
[INFO] [1755529450.259302928] [PC2]: [34mフェーズ2: ノード探索とマッピング[0m
[INFO] [1755529450.259317946] [PC2]: [33mノード探索とマッピングを開始します（タイムアウト: 3000ms）[0m
[INFO] [1755529450.713536756] [PC2]: すべてのノードからレスポンスを受信しました。
[INFO] [1755529450.713624974] [PC2]: [32mノードマッピング完了: 0個のノードを発見[0m
[INFO] [1755529450.713662906] [PC2]: [32m=== 統合システム初期化完了 ===[0m
[INFO] [1755529450.713671171] [PC2]: 発見されたマイコン: 0個
[INFO] [1755529450.713677594] [PC2]: 発見されたノード: 0個
[INFO] [1755529450.713682994] [PC2]: システムが通信可能状態になりました。

✅ システム初期化完了！継続的な探索とテストを開始します。

🔄 [サイクル1] ノード探索実行...
[INFO] [1755529450.713706038] [PC2]: [33mノード探索とマッピングを開始します（タイムアウト: 2000ms）[0m
[INFO] [1755529451.168764422] [PC2]: すべてのノードからレスポンスを受信しました。
[INFO] [1755529451.168862949] [PC2]: [32mノードマッピング完了: 0個のノードを発見[0m
🔍 探索結果: 0個のノード

🔄 [サイクル2] ノード探索実行...
[INFO] [1755529452.669039481] [PC2]: [33mノード探索とマッピングを開始します（タイムアウト: 2000ms）[0m
[INFO] [1755529453.123799495] [PC2]: すべてのノードからレスポンスを受信しました。
[INFO] [1755529453.123870029] [PC2]: [32mノードマッピング完了: 0個のノードを発見[0m
🔍 探索結果: 0個のノード

🔄 [サイクル3] ノード探索実行...
[INFO] [1755529454.623987548] [PC2]: [33mノード探索とマッピングを開始します（タイムアウト: 2000ms）[0m
[INFO] [1755529455.078042670] [PC2]: すべてのノードからレスポンスを受信しました。
[INFO] [1755529455.078135566] [PC2]: [32mノードマッピング完了: 0個のノードを発見[0m
🔍 探索結果: 0個のノード

📋 [定期テスト] 他のマイコンへの送信...
[INFO] [1755529455.078169431] [PC2]: マイコン nucleo2 にデータ送信: 3個の要素
[WARN] [1755529455.078207273] [PC2]: マイコン nucleo2 がローカルで見つからません。他のノードを検索中...
[ERROR] [1755529455.078261926] [PC2]: ❌ マイコン nucleo2 がネットワーク内で見つかりません
⚠️  nucleo2送信失敗
[INFO] [1755529455.078283548] [PC2]: マイコン nucleo3 にデータ送信: 3個の要素
[WARN] [1755529455.078289218] [PC2]: マイコン nucleo3 がローカルで見つからません。他のノードを検索中...
[ERROR] [1755529455.078299167] [PC2]: ❌ マイコン nucleo3 がネットワーク内で見つかりません
⚠️  nucleo3送信失敗

🔄 [サイクル4] ノード探索実行...
[INFO] [1755529456.578425682] [PC2]: [33mノード探索とマッピングを開始します（タイムアウト: 2000ms）[0m
[INFO] [1755529457.033161614] [PC2]: すべてのノードからレスポンスを受信しました。
[INFO] [1755529457.033247718] [PC2]: [32mノードマッピング完了: 0個のノードを発見[0m
🔍 探索結果: 0個のノード

🔄 [サイクル5] ノード探索実行...
[INFO] [1755529458.533371717] [PC2]: [33mノード探索とマッピングを開始します（タイムアウト: 2000ms）[0m
[INFO] [1755529458.987686135] [PC2]: すべてのノードからレスポンスを受信しました。
[INFO] [1755529458.987770616] [PC2]: [32mノードマッピング完了: 0個のノードを発見[0m
🔍 探索結果: 0個のノード

🔄 [サイクル6] ノード探索実行...
[INFO] [1755529460.487910515] [PC2]: [33mノード探索とマッピングを開始します（タイムアウト: 2000ms）[0m
[INFO] [1755529460.941940198] [PC2]: すべてのノードからレスポンスを受信しました。
[INFO] [1755529460.941998790] [PC2]: [32mノードマッピング完了: 0個のノードを発見[0m
🔍 探索結果: 0個のノード

📋 [定期テスト] 他のマイコンへの送信...
[INFO] [1755529460.942024909] [PC2]: マイコン nucleo2 にデータ送信: 3個の要素
[WARN] [1755529460.942033586] [PC2]: マイコン nucleo2 がローカルで見つからません。他のノードを検索中...
[ERROR] [1755529460.942045789] [PC2]: ❌ マイコン nucleo2 がネットワーク内で見つかりません
⚠️  nucleo2送信失敗
[INFO] [1755529460.942061519] [PC2]: マイコン nucleo3 にデータ送信: 3個の要素
[WARN] [1755529460.942066047] [PC2]: マイコン nucleo3 がローカルで見つからません。他のノードを検索中...
[ERROR] [1755529460.942073892] [PC2]: ❌ マイコン nucleo3 がネットワーク内で見つかりません
⚠️  nucleo3送信失敗

🔄 [サイクル7] ノード探索実行...
[INFO] [1755529462.442193912] [PC2]: [33mノード探索とマッピングを開始します（タイムアウト: 2000ms）[0m
[INFO] [1755529462.897389507] [PC2]: すべてのノードからレスポンスを受信しました。
[INFO] [1755529462.897473066] [PC2]: [32mノードマッピング完了: 0個のノードを発見[0m
🔍 探索結果: 0個のノード

🔄 [サイクル8] ノード探索実行...
[INFO] [1755529464.397612743] [PC2]: [33mノード探索とマッピングを開始します（タイムアウト: 2000ms）[0m
[INFO] [1755529464.851112394] [PC2]: すべてのノードからレスポンスを受信しました。
[INFO] [1755529464.851174792] [PC2]: [32mノードマッピング完了: 0個のノードを発見[0m
🔍 探索結果: 0個のノード

🔄 [サイクル9] ノード探索実行...
[INFO] [1755529466.351329166] [PC2]: [33mノード探索とマッピングを開始します（タイムアウト: 2000ms）[0m
[INFO] [1755529466.804882034] [PC2]: すべてのノードからレスポンスを受信しました。
[INFO] [1755529466.804943120] [PC2]: [32mノードマッピング完了: 0個のノードを発見[0m
🔍 探索結果: 0個のノード

📋 [定期テスト] 他のマイコンへの送信...
[INFO] [1755529466.804970723] [PC2]: マイコン nucleo2 にデータ送信: 3個の要素
[WARN] [1755529466.804979479] [PC2]: マイコン nucleo2 がローカルで見つからません。他のノードを検索中...
[ERROR] [1755529466.805007823] [PC2]: ❌ マイコン nucleo2 がネットワーク内で見つかりません
⚠️  nucleo2送信失敗
[INFO] [1755529466.805026499] [PC2]: マイコン nucleo3 にデータ送信: 3個の要素
[WARN] [1755529466.805032821] [PC2]: マイコン nucleo3 がローカルで見つからません。他のノードを検索中...
[ERROR] [1755529466.805043261] [PC2]: ❌ マイコン nucleo3 がネットワーク内で見つかりません
⚠️  nucleo3送信失敗

🔄 [サイクル10] ノード探索実行...
[INFO] [1755529468.305149232] [PC2]: [33mノード探索とマッピングを開始します（タイムアウト: 2000ms）[0m
[INFO] [1755529468.759617747] [PC2]: すべてのノードからレスポンスを受信しました。
[INFO] [1755529468.759959346] [PC2]: [32mノードマッピング完了: 0個のノードを発見[0m
🔍 探索結果: 0個のノード

🔄 [サイクル11] ノード探索実行...
[INFO] [1755529470.260130270] [PC2]: [33mノード探索とマッピングを開始します（タイムアウト: 2000ms）[0m
[INFO] [1755529470.713345801] [PC2]: すべてのノードからレスポンスを受信しました。
[INFO] [1755529470.713401557] [PC2]: [32mノードマッピング完了: 0個のノードを発見[0m
🔍 探索結果: 0個のノード

🔄 [サイクル12] ノード探索実行...
[INFO] [1755529472.213518178] [PC2]: [33mノード探索とマッピングを開始します（タイムアウト: 2000ms）[0m
[INFO] [1755529472.669286054] [PC2]: すべてのノードからレスポンスを受信しました。
[INFO] [1755529472.669546659] [PC2]: [32mノードマッピング完了: 0個のノードを発見[0m
🔍 探索結果: 0個のノード

📋 [定期テスト] 他のマイコンへの送信...
[INFO] [1755529472.669595242] [PC2]: マイコン nucleo2 にデータ送信: 3個の要素
[WARN] [1755529472.669617885] [PC2]: マイコン nucleo2 がローカルで見つからません。他のノードを検索中...
[ERROR] [1755529472.669682117] [PC2]: ❌ マイコン nucleo2 がネットワーク内で見つかりません
⚠️  nucleo2送信失敗
[INFO] [1755529472.669768992] [PC2]: マイコン nucleo3 にデータ送信: 3個の要素
[WARN] [1755529472.669775584] [PC2]: マイコン nucleo3 がローカルで見つからません。他のノードを検索中...
[ERROR] [1755529472.669786275] [PC2]: ❌ マイコン nucleo3 がネットワーク内で見つかりません
⚠️  nucleo3送信失敗

🔄 [サイクル13] ノード探索実行...
[INFO] [1755529474.169906021] [PC2]: [33mノード探索とマッピングを開始します（タイムアウト: 2000ms）[0m
[INFO] [1755529474.624457654] [PC2]: すべてのノードからレスポンスを受信しました。
[INFO] [1755529474.624534700] [PC2]: [32mノードマッピング完了: 0個のノードを発見[0m
🔍 探索結果: 0個のノード

🔄 [サイクル14] ノード探索実行...
[INFO] [1755529476.124649405] [PC2]: [33mノード探索とマッピングを開始します（タイムアウト: 2000ms）[0m
[INFO] [1755529476.578488871] [PC2]: すべてのノードからレスポンスを受信しました。
[INFO] [1755529476.578759826] [PC2]: [32mノードマッピング完了: 0個のノードを発見[0m
🔍 探索結果: 0個のノード

🔄 [サイクル15] ノード探索実行...
[INFO] [1755529478.078926801] [PC2]: [33mノード探索とマッピングを開始します（タイムアウト: 2000ms）[0m
[INFO] [1755529478.533443341] [PC2]: すべてのノードからレスポンスを受信しました。
[INFO] [1755529478.533513774] [PC2]: [32mノードマッピング完了: 0個のノードを発見[0m
🔍 探索結果: 0個のノード

📋 [定期テスト] 他のマイコンへの送信...
[INFO] [1755529478.533538952] [PC2]: マイコン nucleo2 にデータ送信: 3個の要素
[WARN] [1755529478.533546507] [PC2]: マイコン nucleo2 がローカルで見つからません。他のノードを検索中...
[ERROR] [1755529478.533560493] [PC2]: ❌ マイコン nucleo2 がネットワーク内で見つかりません
⚠️  nucleo2送信失敗
[INFO] [1755529478.533583236] [PC2]: マイコン nucleo3 にデータ送信: 3個の要素
[WARN] [1755529478.533587705] [PC2]: マイコン nucleo3 がローカルで見つからません。他のノードを検索中...
[ERROR] [1755529478.533595480] [PC2]: ❌ マイコン nucleo3 がネットワーク内で見つかりません
⚠️  nucleo3送信失敗

🔄 [サイクル16] ノード探索実行...
[INFO] [1755529480.033707431] [PC2]: [33mノード探索とマッピングを開始します（タイムアウト: 2000ms）[0m
[INFO] [1755529480.487906844] [PC2]: すべてのノードからレスポンスを受信しました。
[INFO] [1755529480.488059134] [PC2]: [32mノードマッピング完了: 0個のノードを発見[0m
🔍 探索結果: 0個のノード

🔄 [サイクル17] ノード探索実行...
[INFO] [1755529481.988293306] [PC2]: [33mノード探索とマッピングを開始します（タイムアウト: 2000ms）[0m
[INFO] [1755529482.443709007] [PC2]: すべてのノードからレスポンスを受信しました。
[INFO] [1755529482.443790382] [PC2]: [32mノードマッピング完了: 0個のノードを発見[0m
🔍 探索結果: 0個のノード

🔄 [サイクル18] ノード探索実行...
[INFO] [1755529483.943914485] [PC2]: [33mノード探索とマッピングを開始します（タイムアウト: 2000ms）[0m
[INFO] [1755529484.060009650] [rclcpp]: signal_handler(signum=15)
terminate called after throwing an instance of 'rclcpp::exceptions::RCLError'
  what():  could not create client: rcl node's context is invalid, at ./src/rcl/node.c:404
